<?xml version="1.0" encoding="UTF-8"?>
<testng-results ignored="0" total="1" passed="1" failed="0" skipped="0">
  <reporter-output>
  </reporter-output>
  <suite started-at="2024-02-09T13:56:09 IST" name="Default suite" finished-at="2024-02-09T14:05:12 IST" duration-ms="542959">
    <groups>
    </groups>
    <test started-at="2024-02-09T13:56:09 IST" name="Default test" finished-at="2024-02-09T14:05:12 IST" duration-ms="542959">
      <class name="test.kv_test">
        <test-method is-config="true" signature="setup()[pri:0, instance:test.kv_test@1b2abca6]" started-at="2024-02-09T13:56:09 IST" name="setup" finished-at="2024-02-09T13:56:11 IST" duration-ms="1985" status="PASS">
          <reporter-output>
          </reporter-output>
        </test-method> <!-- setup -->
        <test-method is-config="true" signature="url()[pri:0, instance:test.kv_test@1b2abca6]" started-at="2024-02-09T13:56:11 IST" name="url" finished-at="2024-02-09T13:56:13 IST" duration-ms="2639" status="PASS">
          <reporter-output>
          </reporter-output>
        </test-method> <!-- url -->
        <test-method signature="test()[pri:0, instance:test.kv_test@1b2abca6]" started-at="2024-02-09T13:56:13 IST" name="test" finished-at="2024-02-09T14:05:12 IST" duration-ms="538281" status="PASS">
          <reporter-output>
          </reporter-output>
        </test-method> <!-- test -->
      </class> <!-- test.kv_test -->
    </test> <!-- Default test -->
  </suite> <!-- Default suite -->
</testng-results>
